2025-09-19T11:22:30.915863 - Добавлен жилец: Новый жилец
2025-09-19T11:22:30.922549300 - Добавлен платеж: 5000.0 от Новый жилец
2025-09-19T11:25:46.322270300 - Добавлен жилец: Артем
2025-09-19T11:25:46.328364200 - Добавлен жилец: Иван
2025-09-19T11:25:46.329892 - Добавлен платеж: 5000.0 от Иван
2025-09-19T11:26:01.462275300 - Добавлен жилец: Артем
2025-09-19T11:26:01.468799500 - Добавлен жилец: Иван
2025-09-19T11:26:01.470304 - Добавлен платеж: 5000.0 от Иван
2025-09-19T11:27:11.521731800 - Добавлен жилец: Артем
2025-09-19T11:27:11.528239900 - Добавлен жилец: Иван
2025-09-19T11:27:11.529744300 - Добавлен платеж: 5000.0 от Иван
2025-09-19T11:27:11.529744300 - Добавлен платеж: 12345.0 от Артем
2025-09-19T11:27:17.495163100 - Добавлен жилец: Артем
2025-09-19T11:27:17.500674500 - Добавлен жилец: Иван
2025-09-19T11:27:17.502499300 - Добавлен платеж: 5000.0 от Иван
2025-09-19T11:27:17.502499300 - Добавлен платеж: 12345.0 от Артем
2025-09-19T11:35:17.886657600 - Добавлен жилец: Артем
2025-09-19T11:35:17.888657600 - Добавлен жилец: Иван
2025-09-19T11:35:17.889658300 - Добавлен платеж: 5000.0 от Иван
2025-09-19T11:35:17.889658300 - Добавлен платеж: 12345.0 от Артем
2025-09-19T11:35:49.288824200 - Добавлен жилец: Артем
2025-09-19T11:35:49.291335800 - Добавлен жилец: Иван
2025-09-19T11:35:49.292841500 - Добавлен платеж: 5000.0 от Иван
2025-09-19T11:35:49.293848100 - Добавлен платеж: 12345.0 от Артем
2025-09-19T11:36:05.860853400 - Добавлен жилец: Артем
2025-09-19T11:36:05.864642100 - Добавлен жилец: Иван
2025-09-19T11:36:05.864642100 - Добавлен платеж: 5000.0 от Иван
2025-09-19T11:36:05.865642900 - Добавлен платеж: 12345.0 от Артем
2025-09-19T11:36:51.295012900 - Добавлен жилец: Артем
2025-09-19T11:36:51.298013300 - Добавлен жилец: Иван
2025-09-19T11:36:51.298013300 - Добавлен платеж: 5000.0 от Иван
2025-09-19T11:36:51.299519300 - Добавлен платеж: 12345.0 от Артем
2025-09-19T11:37:22.214923200 - Добавлен жилец: Артем
2025-09-19T11:37:22.217920600 - Добавлен жилец: Иван
2025-09-19T11:37:22.217920600 - Добавлен платеж: 5000.0 от Иван
2025-09-19T11:37:22.219425100 - Добавлен платеж: 12345.0 от Артем
2025-09-19T11:42:52.550317600 - Добавлен жилец: Артем
2025-09-19T11:42:52.552078 - Добавлен жилец: Иван
2025-09-19T11:42:52.553085 - Добавлен платеж: 5000.0 от Иван
2025-09-19T11:42:52.553085 - Добавлен платеж: 12345.0 от Артем
2025-10-03T09:59:08.621928900 - Добавлен жилец: Артем
2025-10-03T09:59:08.624929600 - Добавлен жилец: Иван
2025-10-03T09:59:08.625929400 - Добавлен платеж: 5000.0 от Иван
2025-10-03T09:59:08.625929400 - Добавлен платеж: 12345.0 от Артем
2025-10-03T10:11:59.992402400 - Добавлен жилец: Артем
2025-10-03T10:11:59.994403100 - Добавлен жилец: Иван
2025-10-03T10:11:59.995403400 - Добавлен платеж: 5000.0 от Иван
2025-10-03T10:11:59.995403400 - Добавлен платеж: 12345.0 от Артем
2025-10-03T10:13:01.462007300 - Добавлен жилец: Артем
2025-10-03T10:13:01.465518500 - Добавлен жилец: Иван
2025-10-03T10:13:01.465518500 - Добавлен платеж: 5000.0 от Иван
2025-10-03T10:13:01.466519500 - Добавлен платеж: 12345.0 от Артем
2025-10-03T10:13:39.898371700 - Добавлен жилец: Артем
2025-10-03T10:13:39.901375200 - Добавлен жилец: Иван
2025-10-03T10:13:39.902372800 - Добавлен платеж: 5000.0 от Иван
2025-10-03T10:13:39.903373 - Добавлен платеж: 12345.0 от Артем
2025-10-03T10:14:41.556204600 - Добавлен жилец: Артем
2025-10-03T10:14:41.558203900 - Добавлен жилец: Иван
2025-10-03T10:14:41.559204900 - Добавлен платеж: 5000.0 от Иван
2025-10-03T10:14:41.560205500 - Добавлен платеж: 12345.0 от Артем
2025-10-03T10:16:26.274388800 - Добавлен жилец: Артем
2025-10-03T10:16:26.277388800 - Добавлен жилец: Иван
2025-10-03T10:16:26.277388800 - Добавлен платеж: 5000.0 от Иван
2025-10-03T10:16:26.278388900 - Добавлен платеж: 12345.0 от Артем
2025-10-03T10:31:28.255231300 - Добавлен жилец: Артем
2025-10-03T10:31:28.256232900 - Добавлен жилец: Иван
2025-10-03T10:31:28.257231500 - Добавлен платеж: 5000.0 от Иван
2025-10-03T10:31:28.257231500 - Добавлен платеж: 12345.0 от Артем
